/Users/nadeeshtv/Library/Python/2.7/lib/python/site-packages/h5py/__init__.py:36: RuntimeWarning: numpy.dtype size changed, may indicate binary incompatibility. Expected 96, got 88
  from ._conv import register_converters as _register_converters

/Users/nadeeshtv/Library/Python/2.7/lib/python/site-packages/h5py/__init__.py:45: RuntimeWarning: numpy.dtype size changed, may indicate binary incompatibility. Expected 96, got 88
  from . import h5a, h5d, h5ds, h5f, h5fd, h5g, h5r, h5s, h5t, h5p, h5z

/Users/nadeeshtv/Library/Python/2.7/lib/python/site-packages/h5py/_hl/group.py:22: RuntimeWarning: numpy.dtype size changed, may indicate binary incompatibility. Expected 96, got 88
  from .. import h5g, h5i, h5o, h5r, h5t, h5l, h5p

/Users/nadeeshtv/Library/Python/2.7/lib/python/site-packages/scipy/ndimage/measurements.py:36: RuntimeWarning: numpy.dtype size changed, may indicate binary incompatibility. Expected 96, got 88
  from . import _ni_label

/Users/nadeeshtv/Library/Python/2.7/lib/python/site-packages/pykwalify/core.py:99: UnsafeLoaderWarning: 
The default 'Loader' for 'load(stream)' without further arguments can be unsafe.
Use 'load(stream, Loader=ruamel.yaml.Loader)' explicitly if that is OK.
Alternatively include the following in your code:

  import warnings
  warnings.simplefilter('ignore', ruamel.yaml.error.UnsafeLoaderWarning)

In most other cases you should consider using 'safe_load(stream)'
  data = yaml.load(stream)

/Users/nadeeshtv/Library/Python/2.7/lib/python/site-packages/h5py/__init__.py:36: RuntimeWarning: numpy.dtype size changed, may indicate binary incompatibility. Expected 96, got 88
  from ._conv import register_converters as _register_converters

/Users/nadeeshtv/Library/Python/2.7/lib/python/site-packages/h5py/__init__.py:45: RuntimeWarning: numpy.dtype size changed, may indicate binary incompatibility. Expected 96, got 88
  from . import h5a, h5d, h5ds, h5f, h5fd, h5g, h5r, h5s, h5t, h5p, h5z

/Users/nadeeshtv/Library/Python/2.7/lib/python/site-packages/h5py/_hl/group.py:22: RuntimeWarning: numpy.dtype size changed, may indicate binary incompatibility. Expected 96, got 88
  from .. import h5g, h5i, h5o, h5r, h5t, h5l, h5p

/Users/nadeeshtv/Library/Python/2.7/lib/python/site-packages/scipy/ndimage/measurements.py:36: RuntimeWarning: numpy.dtype size changed, may indicate binary incompatibility. Expected 96, got 88
  from . import _ni_label

/Users/nadeeshtv/Library/Python/2.7/lib/python/site-packages/pykwalify/core.py:99: UnsafeLoaderWarning: 
The default 'Loader' for 'load(stream)' without further arguments can be unsafe.
Use 'load(stream, Loader=ruamel.yaml.Loader)' explicitly if that is OK.
Alternatively include the following in your code:

  import warnings
  warnings.simplefilter('ignore', ruamel.yaml.error.UnsafeLoaderWarning)

In most other cases you should consider using 'safe_load(stream)'
  data = yaml.load(stream)

/Users/nadeeshtv/Library/Python/2.7/lib/python/site-packages/h5py/__init__.py:36: RuntimeWarning: numpy.dtype size changed, may indicate binary incompatibility. Expected 96, got 88
  from ._conv import register_converters as _register_converters

/Users/nadeeshtv/Library/Python/2.7/lib/python/site-packages/h5py/__init__.py:45: RuntimeWarning: numpy.dtype size changed, may indicate binary incompatibility. Expected 96, got 88
  from . import h5a, h5d, h5ds, h5f, h5fd, h5g, h5r, h5s, h5t, h5p, h5z

/Users/nadeeshtv/Library/Python/2.7/lib/python/site-packages/h5py/_hl/group.py:22: RuntimeWarning: numpy.dtype size changed, may indicate binary incompatibility. Expected 96, got 88
  from .. import h5g, h5i, h5o, h5r, h5t, h5l, h5p

/Users/nadeeshtv/Library/Python/2.7/lib/python/site-packages/scipy/ndimage/measurements.py:36: RuntimeWarning: numpy.dtype size changed, may indicate binary incompatibility. Expected 96, got 88
  from . import _ni_label

/Users/nadeeshtv/Library/Python/2.7/lib/python/site-packages/pykwalify/core.py:99: UnsafeLoaderWarning: 
The default 'Loader' for 'load(stream)' without further arguments can be unsafe.
Use 'load(stream, Loader=ruamel.yaml.Loader)' explicitly if that is OK.
Alternatively include the following in your code:

  import warnings
  warnings.simplefilter('ignore', ruamel.yaml.error.UnsafeLoaderWarning)

In most other cases you should consider using 'safe_load(stream)'
  data = yaml.load(stream)

Failed to parse intent end entities from ''. 
/Users/nadeeshtv/Library/Python/2.7/lib/python/site-packages/h5py/__init__.py:36: RuntimeWarning: numpy.dtype size changed, may indicate binary incompatibility. Expected 96, got 88
  from ._conv import register_converters as _register_converters

/Users/nadeeshtv/Library/Python/2.7/lib/python/site-packages/h5py/__init__.py:45: RuntimeWarning: numpy.dtype size changed, may indicate binary incompatibility. Expected 96, got 88
  from . import h5a, h5d, h5ds, h5f, h5fd, h5g, h5r, h5s, h5t, h5p, h5z

/Users/nadeeshtv/Library/Python/2.7/lib/python/site-packages/h5py/_hl/group.py:22: RuntimeWarning: numpy.dtype size changed, may indicate binary incompatibility. Expected 96, got 88
  from .. import h5g, h5i, h5o, h5r, h5t, h5l, h5p

/Users/nadeeshtv/Library/Python/2.7/lib/python/site-packages/scipy/ndimage/measurements.py:36: RuntimeWarning: numpy.dtype size changed, may indicate binary incompatibility. Expected 96, got 88
  from . import _ni_label

/Users/nadeeshtv/Library/Python/2.7/lib/python/site-packages/pykwalify/core.py:99: UnsafeLoaderWarning: 
The default 'Loader' for 'load(stream)' without further arguments can be unsafe.
Use 'load(stream, Loader=ruamel.yaml.Loader)' explicitly if that is OK.
Alternatively include the following in your code:

  import warnings
  warnings.simplefilter('ignore', ruamel.yaml.error.UnsafeLoaderWarning)

In most other cases you should consider using 'safe_load(stream)'
  data = yaml.load(stream)

/Users/nadeeshtv/Library/Python/2.7/lib/python/site-packages/h5py/__init__.py:36: RuntimeWarning: numpy.dtype size changed, may indicate binary incompatibility. Expected 96, got 88
  from ._conv import register_converters as _register_converters

/Users/nadeeshtv/Library/Python/2.7/lib/python/site-packages/h5py/__init__.py:45: RuntimeWarning: numpy.dtype size changed, may indicate binary incompatibility. Expected 96, got 88
  from . import h5a, h5d, h5ds, h5f, h5fd, h5g, h5r, h5s, h5t, h5p, h5z

/Users/nadeeshtv/Library/Python/2.7/lib/python/site-packages/h5py/_hl/group.py:22: RuntimeWarning: numpy.dtype size changed, may indicate binary incompatibility. Expected 96, got 88
  from .. import h5g, h5i, h5o, h5r, h5t, h5l, h5p

/Users/nadeeshtv/Library/Python/2.7/lib/python/site-packages/scipy/ndimage/measurements.py:36: RuntimeWarning: numpy.dtype size changed, may indicate binary incompatibility. Expected 96, got 88
  from . import _ni_label

/Users/nadeeshtv/Library/Python/2.7/lib/python/site-packages/thinc/neural/train.py:3: RuntimeWarning: numpy.dtype size changed, may indicate binary incompatibility. Expected 96, got 88
  from .optimizers import Adam, SGD, linear_decay

/Users/nadeeshtv/Library/Python/2.7/lib/python/site-packages/thinc/neural/train.py:3: RuntimeWarning: numpy.ufunc size changed, may indicate binary incompatibility. Expected 192, got 176
  from .optimizers import Adam, SGD, linear_decay

/Users/nadeeshtv/Library/Python/2.7/lib/python/site-packages/spacy/cli/train.py:12: RuntimeWarning: numpy.dtype size changed, may indicate binary incompatibility. Expected 96, got 88
  from ..gold import GoldCorpus, minibatch

/Users/nadeeshtv/Library/Python/2.7/lib/python/site-packages/spacy/cli/train.py:12: RuntimeWarning: numpy.ufunc size changed, may indicate binary incompatibility. Expected 192, got 176
  from ..gold import GoldCorpus, minibatch

/Users/nadeeshtv/Library/Python/2.7/lib/python/site-packages/spacy/tokens/__init__.py:1: RuntimeWarning: numpy.dtype size changed, may indicate binary incompatibility. Expected 96, got 88
  from .doc import Doc

/Users/nadeeshtv/Library/Python/2.7/lib/python/site-packages/spacy/tokens/__init__.py:1: RuntimeWarning: numpy.ufunc size changed, may indicate binary incompatibility. Expected 192, got 176
  from .doc import Doc

/Users/nadeeshtv/Library/Python/2.7/lib/python/site-packages/spacy/_ml.py:14: RuntimeWarning: numpy.dtype size changed, may indicate binary incompatibility. Expected 96, got 88
  from thinc.linear.linear import LinearModel

/Users/nadeeshtv/Library/Python/2.7/lib/python/site-packages/spacy/_ml.py:14: RuntimeWarning: numpy.ufunc size changed, may indicate binary incompatibility. Expected 192, got 176
  from thinc.linear.linear import LinearModel

/Users/nadeeshtv/Library/Python/2.7/lib/python/site-packages/sklearn/feature_extraction/hashing.py:10: RuntimeWarning: numpy.dtype size changed, may indicate binary incompatibility. Expected 96, got 88
  from . import _hashing

/Users/nadeeshtv/Library/Python/2.7/lib/python/site-packages/pykwalify/core.py:99: UnsafeLoaderWarning: 
The default 'Loader' for 'load(stream)' without further arguments can be unsafe.
Use 'load(stream, Loader=ruamel.yaml.Loader)' explicitly if that is OK.
Alternatively include the following in your code:

  import warnings
  warnings.simplefilter('ignore', ruamel.yaml.error.UnsafeLoaderWarning)

In most other cases you should consider using 'safe_load(stream)'
  data = yaml.load(stream)

/Users/nadeeshtv/Library/Python/2.7/lib/python/site-packages/h5py/__init__.py:36: RuntimeWarning: numpy.dtype size changed, may indicate binary incompatibility. Expected 96, got 88
  from ._conv import register_converters as _register_converters

/Users/nadeeshtv/Library/Python/2.7/lib/python/site-packages/h5py/__init__.py:45: RuntimeWarning: numpy.dtype size changed, may indicate binary incompatibility. Expected 96, got 88
  from . import h5a, h5d, h5ds, h5f, h5fd, h5g, h5r, h5s, h5t, h5p, h5z

/Users/nadeeshtv/Library/Python/2.7/lib/python/site-packages/h5py/_hl/group.py:22: RuntimeWarning: numpy.dtype size changed, may indicate binary incompatibility. Expected 96, got 88
  from .. import h5g, h5i, h5o, h5r, h5t, h5l, h5p

/Users/nadeeshtv/Library/Python/2.7/lib/python/site-packages/scipy/ndimage/measurements.py:36: RuntimeWarning: numpy.dtype size changed, may indicate binary incompatibility. Expected 96, got 88
  from . import _ni_label

/Users/nadeeshtv/Library/Python/2.7/lib/python/site-packages/pykwalify/core.py:99: UnsafeLoaderWarning: 
The default 'Loader' for 'load(stream)' without further arguments can be unsafe.
Use 'load(stream, Loader=ruamel.yaml.Loader)' explicitly if that is OK.
Alternatively include the following in your code:

  import warnings
  warnings.simplefilter('ignore', ruamel.yaml.error.UnsafeLoaderWarning)

In most other cases you should consider using 'safe_load(stream)'
  data = yaml.load(stream)

/Users/nadeeshtv/Library/Python/2.7/lib/python/site-packages/h5py/__init__.py:36: RuntimeWarning: numpy.dtype size changed, may indicate binary incompatibility. Expected 96, got 88
  from ._conv import register_converters as _register_converters

/Users/nadeeshtv/Library/Python/2.7/lib/python/site-packages/h5py/__init__.py:45: RuntimeWarning: numpy.dtype size changed, may indicate binary incompatibility. Expected 96, got 88
  from . import h5a, h5d, h5ds, h5f, h5fd, h5g, h5r, h5s, h5t, h5p, h5z

/Users/nadeeshtv/Library/Python/2.7/lib/python/site-packages/h5py/_hl/group.py:22: RuntimeWarning: numpy.dtype size changed, may indicate binary incompatibility. Expected 96, got 88
  from .. import h5g, h5i, h5o, h5r, h5t, h5l, h5p

/Users/nadeeshtv/Library/Python/2.7/lib/python/site-packages/scipy/ndimage/measurements.py:36: RuntimeWarning: numpy.dtype size changed, may indicate binary incompatibility. Expected 96, got 88
  from . import _ni_label

/Users/nadeeshtv/Library/Python/2.7/lib/python/site-packages/pykwalify/core.py:99: UnsafeLoaderWarning: 
The default 'Loader' for 'load(stream)' without further arguments can be unsafe.
Use 'load(stream, Loader=ruamel.yaml.Loader)' explicitly if that is OK.
Alternatively include the following in your code:

  import warnings
  warnings.simplefilter('ignore', ruamel.yaml.error.UnsafeLoaderWarning)

In most other cases you should consider using 'safe_load(stream)'
  data = yaml.load(stream)

/Users/nadeeshtv/Library/Python/2.7/lib/python/site-packages/h5py/__init__.py:36: RuntimeWarning: numpy.dtype size changed, may indicate binary incompatibility. Expected 96, got 88
  from ._conv import register_converters as _register_converters

/Users/nadeeshtv/Library/Python/2.7/lib/python/site-packages/h5py/__init__.py:45: RuntimeWarning: numpy.dtype size changed, may indicate binary incompatibility. Expected 96, got 88
  from . import h5a, h5d, h5ds, h5f, h5fd, h5g, h5r, h5s, h5t, h5p, h5z

/Users/nadeeshtv/Library/Python/2.7/lib/python/site-packages/h5py/_hl/group.py:22: RuntimeWarning: numpy.dtype size changed, may indicate binary incompatibility. Expected 96, got 88
  from .. import h5g, h5i, h5o, h5r, h5t, h5l, h5p

/Users/nadeeshtv/Library/Python/2.7/lib/python/site-packages/scipy/ndimage/measurements.py:36: RuntimeWarning: numpy.dtype size changed, may indicate binary incompatibility. Expected 96, got 88
  from . import _ni_label

/Users/nadeeshtv/Library/Python/2.7/lib/python/site-packages/thinc/neural/train.py:3: RuntimeWarning: numpy.dtype size changed, may indicate binary incompatibility. Expected 96, got 88
  from .optimizers import Adam, SGD, linear_decay

/Users/nadeeshtv/Library/Python/2.7/lib/python/site-packages/thinc/neural/train.py:3: RuntimeWarning: numpy.ufunc size changed, may indicate binary incompatibility. Expected 192, got 176
  from .optimizers import Adam, SGD, linear_decay

/Users/nadeeshtv/Library/Python/2.7/lib/python/site-packages/spacy/cli/train.py:12: RuntimeWarning: numpy.dtype size changed, may indicate binary incompatibility. Expected 96, got 88
  from ..gold import GoldCorpus, minibatch

/Users/nadeeshtv/Library/Python/2.7/lib/python/site-packages/spacy/cli/train.py:12: RuntimeWarning: numpy.ufunc size changed, may indicate binary incompatibility. Expected 192, got 176
  from ..gold import GoldCorpus, minibatch

/Users/nadeeshtv/Library/Python/2.7/lib/python/site-packages/spacy/tokens/__init__.py:1: RuntimeWarning: numpy.dtype size changed, may indicate binary incompatibility. Expected 96, got 88
  from .doc import Doc

/Users/nadeeshtv/Library/Python/2.7/lib/python/site-packages/spacy/tokens/__init__.py:1: RuntimeWarning: numpy.ufunc size changed, may indicate binary incompatibility. Expected 192, got 176
  from .doc import Doc

/Users/nadeeshtv/Library/Python/2.7/lib/python/site-packages/spacy/_ml.py:14: RuntimeWarning: numpy.dtype size changed, may indicate binary incompatibility. Expected 96, got 88
  from thinc.linear.linear import LinearModel

/Users/nadeeshtv/Library/Python/2.7/lib/python/site-packages/spacy/_ml.py:14: RuntimeWarning: numpy.ufunc size changed, may indicate binary incompatibility. Expected 192, got 176
  from thinc.linear.linear import LinearModel

/Users/nadeeshtv/Library/Python/2.7/lib/python/site-packages/sklearn/feature_extraction/hashing.py:10: RuntimeWarning: numpy.dtype size changed, may indicate binary incompatibility. Expected 96, got 88
  from . import _hashing

/Users/nadeeshtv/Library/Python/2.7/lib/python/site-packages/pykwalify/core.py:99: UnsafeLoaderWarning: 
The default 'Loader' for 'load(stream)' without further arguments can be unsafe.
Use 'load(stream, Loader=ruamel.yaml.Loader)' explicitly if that is OK.
Alternatively include the following in your code:

  import warnings
  warnings.simplefilter('ignore', ruamel.yaml.error.UnsafeLoaderWarning)

In most other cases you should consider using 'safe_load(stream)'
  data = yaml.load(stream)

/Users/nadeeshtv/Library/Python/2.7/lib/python/site-packages/h5py/__init__.py:36: RuntimeWarning: numpy.dtype size changed, may indicate binary incompatibility. Expected 96, got 88
  from ._conv import register_converters as _register_converters

/Users/nadeeshtv/Library/Python/2.7/lib/python/site-packages/h5py/__init__.py:45: RuntimeWarning: numpy.dtype size changed, may indicate binary incompatibility. Expected 96, got 88
  from . import h5a, h5d, h5ds, h5f, h5fd, h5g, h5r, h5s, h5t, h5p, h5z

/Users/nadeeshtv/Library/Python/2.7/lib/python/site-packages/h5py/_hl/group.py:22: RuntimeWarning: numpy.dtype size changed, may indicate binary incompatibility. Expected 96, got 88
  from .. import h5g, h5i, h5o, h5r, h5t, h5l, h5p

/Users/nadeeshtv/Library/Python/2.7/lib/python/site-packages/scipy/ndimage/measurements.py:36: RuntimeWarning: numpy.dtype size changed, may indicate binary incompatibility. Expected 96, got 88
  from . import _ni_label

/Users/nadeeshtv/Library/Python/2.7/lib/python/site-packages/thinc/neural/train.py:3: RuntimeWarning: numpy.dtype size changed, may indicate binary incompatibility. Expected 96, got 88
  from .optimizers import Adam, SGD, linear_decay

/Users/nadeeshtv/Library/Python/2.7/lib/python/site-packages/thinc/neural/train.py:3: RuntimeWarning: numpy.ufunc size changed, may indicate binary incompatibility. Expected 192, got 176
  from .optimizers import Adam, SGD, linear_decay

/Users/nadeeshtv/Library/Python/2.7/lib/python/site-packages/spacy/cli/train.py:12: RuntimeWarning: numpy.dtype size changed, may indicate binary incompatibility. Expected 96, got 88
  from ..gold import GoldCorpus, minibatch

/Users/nadeeshtv/Library/Python/2.7/lib/python/site-packages/spacy/cli/train.py:12: RuntimeWarning: numpy.ufunc size changed, may indicate binary incompatibility. Expected 192, got 176
  from ..gold import GoldCorpus, minibatch

/Users/nadeeshtv/Library/Python/2.7/lib/python/site-packages/spacy/tokens/__init__.py:1: RuntimeWarning: numpy.dtype size changed, may indicate binary incompatibility. Expected 96, got 88
  from .doc import Doc

/Users/nadeeshtv/Library/Python/2.7/lib/python/site-packages/spacy/tokens/__init__.py:1: RuntimeWarning: numpy.ufunc size changed, may indicate binary incompatibility. Expected 192, got 176
  from .doc import Doc

/Users/nadeeshtv/Library/Python/2.7/lib/python/site-packages/spacy/_ml.py:14: RuntimeWarning: numpy.dtype size changed, may indicate binary incompatibility. Expected 96, got 88
  from thinc.linear.linear import LinearModel

/Users/nadeeshtv/Library/Python/2.7/lib/python/site-packages/spacy/_ml.py:14: RuntimeWarning: numpy.ufunc size changed, may indicate binary incompatibility. Expected 192, got 176
  from thinc.linear.linear import LinearModel

/Users/nadeeshtv/Library/Python/2.7/lib/python/site-packages/sklearn/feature_extraction/hashing.py:10: RuntimeWarning: numpy.dtype size changed, may indicate binary incompatibility. Expected 96, got 88
  from . import _hashing

/Users/nadeeshtv/Library/Python/2.7/lib/python/site-packages/pykwalify/core.py:99: UnsafeLoaderWarning: 
The default 'Loader' for 'load(stream)' without further arguments can be unsafe.
Use 'load(stream, Loader=ruamel.yaml.Loader)' explicitly if that is OK.
Alternatively include the following in your code:

  import warnings
  warnings.simplefilter('ignore', ruamel.yaml.error.UnsafeLoaderWarning)

In most other cases you should consider using 'safe_load(stream)'
  data = yaml.load(stream)

/Users/nadeeshtv/Library/Python/2.7/lib/python/site-packages/h5py/__init__.py:36: RuntimeWarning: numpy.dtype size changed, may indicate binary incompatibility. Expected 96, got 88
  from ._conv import register_converters as _register_converters

/Users/nadeeshtv/Library/Python/2.7/lib/python/site-packages/h5py/__init__.py:45: RuntimeWarning: numpy.dtype size changed, may indicate binary incompatibility. Expected 96, got 88
  from . import h5a, h5d, h5ds, h5f, h5fd, h5g, h5r, h5s, h5t, h5p, h5z

/Users/nadeeshtv/Library/Python/2.7/lib/python/site-packages/h5py/_hl/group.py:22: RuntimeWarning: numpy.dtype size changed, may indicate binary incompatibility. Expected 96, got 88
  from .. import h5g, h5i, h5o, h5r, h5t, h5l, h5p

/Users/nadeeshtv/Library/Python/2.7/lib/python/site-packages/scipy/ndimage/measurements.py:36: RuntimeWarning: numpy.dtype size changed, may indicate binary incompatibility. Expected 96, got 88
  from . import _ni_label

/Users/nadeeshtv/Library/Python/2.7/lib/python/site-packages/thinc/neural/train.py:3: RuntimeWarning: numpy.dtype size changed, may indicate binary incompatibility. Expected 96, got 88
  from .optimizers import Adam, SGD, linear_decay

/Users/nadeeshtv/Library/Python/2.7/lib/python/site-packages/thinc/neural/train.py:3: RuntimeWarning: numpy.ufunc size changed, may indicate binary incompatibility. Expected 192, got 176
  from .optimizers import Adam, SGD, linear_decay

/Users/nadeeshtv/Library/Python/2.7/lib/python/site-packages/spacy/cli/train.py:12: RuntimeWarning: numpy.dtype size changed, may indicate binary incompatibility. Expected 96, got 88
  from ..gold import GoldCorpus, minibatch

/Users/nadeeshtv/Library/Python/2.7/lib/python/site-packages/spacy/cli/train.py:12: RuntimeWarning: numpy.ufunc size changed, may indicate binary incompatibility. Expected 192, got 176
  from ..gold import GoldCorpus, minibatch

/Users/nadeeshtv/Library/Python/2.7/lib/python/site-packages/spacy/tokens/__init__.py:1: RuntimeWarning: numpy.dtype size changed, may indicate binary incompatibility. Expected 96, got 88
  from .doc import Doc

/Users/nadeeshtv/Library/Python/2.7/lib/python/site-packages/spacy/tokens/__init__.py:1: RuntimeWarning: numpy.ufunc size changed, may indicate binary incompatibility. Expected 192, got 176
  from .doc import Doc

/Users/nadeeshtv/Library/Python/2.7/lib/python/site-packages/spacy/_ml.py:14: RuntimeWarning: numpy.dtype size changed, may indicate binary incompatibility. Expected 96, got 88
  from thinc.linear.linear import LinearModel

/Users/nadeeshtv/Library/Python/2.7/lib/python/site-packages/spacy/_ml.py:14: RuntimeWarning: numpy.ufunc size changed, may indicate binary incompatibility. Expected 192, got 176
  from thinc.linear.linear import LinearModel

/Users/nadeeshtv/Library/Python/2.7/lib/python/site-packages/sklearn/feature_extraction/hashing.py:10: RuntimeWarning: numpy.dtype size changed, may indicate binary incompatibility. Expected 96, got 88
  from . import _hashing

/Users/nadeeshtv/Library/Python/2.7/lib/python/site-packages/pykwalify/core.py:99: UnsafeLoaderWarning: 
The default 'Loader' for 'load(stream)' without further arguments can be unsafe.
Use 'load(stream, Loader=ruamel.yaml.Loader)' explicitly if that is OK.
Alternatively include the following in your code:

  import warnings
  warnings.simplefilter('ignore', ruamel.yaml.error.UnsafeLoaderWarning)

In most other cases you should consider using 'safe_load(stream)'
  data = yaml.load(stream)

/Users/nadeeshtv/Library/Python/2.7/lib/python/site-packages/h5py/__init__.py:36: RuntimeWarning: numpy.dtype size changed, may indicate binary incompatibility. Expected 96, got 88
  from ._conv import register_converters as _register_converters

/Users/nadeeshtv/Library/Python/2.7/lib/python/site-packages/h5py/__init__.py:45: RuntimeWarning: numpy.dtype size changed, may indicate binary incompatibility. Expected 96, got 88
  from . import h5a, h5d, h5ds, h5f, h5fd, h5g, h5r, h5s, h5t, h5p, h5z

/Users/nadeeshtv/Library/Python/2.7/lib/python/site-packages/h5py/_hl/group.py:22: RuntimeWarning: numpy.dtype size changed, may indicate binary incompatibility. Expected 96, got 88
  from .. import h5g, h5i, h5o, h5r, h5t, h5l, h5p

/Users/nadeeshtv/Library/Python/2.7/lib/python/site-packages/scipy/ndimage/measurements.py:36: RuntimeWarning: numpy.dtype size changed, may indicate binary incompatibility. Expected 96, got 88
  from . import _ni_label

/Users/nadeeshtv/Library/Python/2.7/lib/python/site-packages/thinc/neural/train.py:3: RuntimeWarning: numpy.dtype size changed, may indicate binary incompatibility. Expected 96, got 88
  from .optimizers import Adam, SGD, linear_decay

/Users/nadeeshtv/Library/Python/2.7/lib/python/site-packages/thinc/neural/train.py:3: RuntimeWarning: numpy.ufunc size changed, may indicate binary incompatibility. Expected 192, got 176
  from .optimizers import Adam, SGD, linear_decay

/Users/nadeeshtv/Library/Python/2.7/lib/python/site-packages/spacy/cli/train.py:12: RuntimeWarning: numpy.dtype size changed, may indicate binary incompatibility. Expected 96, got 88
  from ..gold import GoldCorpus, minibatch

/Users/nadeeshtv/Library/Python/2.7/lib/python/site-packages/spacy/cli/train.py:12: RuntimeWarning: numpy.ufunc size changed, may indicate binary incompatibility. Expected 192, got 176
  from ..gold import GoldCorpus, minibatch

/Users/nadeeshtv/Library/Python/2.7/lib/python/site-packages/spacy/tokens/__init__.py:1: RuntimeWarning: numpy.dtype size changed, may indicate binary incompatibility. Expected 96, got 88
  from .doc import Doc

/Users/nadeeshtv/Library/Python/2.7/lib/python/site-packages/spacy/tokens/__init__.py:1: RuntimeWarning: numpy.ufunc size changed, may indicate binary incompatibility. Expected 192, got 176
  from .doc import Doc

/Users/nadeeshtv/Library/Python/2.7/lib/python/site-packages/spacy/_ml.py:14: RuntimeWarning: numpy.dtype size changed, may indicate binary incompatibility. Expected 96, got 88
  from thinc.linear.linear import LinearModel

/Users/nadeeshtv/Library/Python/2.7/lib/python/site-packages/spacy/_ml.py:14: RuntimeWarning: numpy.ufunc size changed, may indicate binary incompatibility. Expected 192, got 176
  from thinc.linear.linear import LinearModel

/Users/nadeeshtv/Library/Python/2.7/lib/python/site-packages/sklearn/feature_extraction/hashing.py:10: RuntimeWarning: numpy.dtype size changed, may indicate binary incompatibility. Expected 96, got 88
  from . import _hashing

/Users/nadeeshtv/Library/Python/2.7/lib/python/site-packages/pykwalify/core.py:99: UnsafeLoaderWarning: 
The default 'Loader' for 'load(stream)' without further arguments can be unsafe.
Use 'load(stream, Loader=ruamel.yaml.Loader)' explicitly if that is OK.
Alternatively include the following in your code:

  import warnings
  warnings.simplefilter('ignore', ruamel.yaml.error.UnsafeLoaderWarning)

In most other cases you should consider using 'safe_load(stream)'
  data = yaml.load(stream)

/Users/nadeeshtv/Library/Python/2.7/lib/python/site-packages/h5py/__init__.py:36: RuntimeWarning: numpy.dtype size changed, may indicate binary incompatibility. Expected 96, got 88
  from ._conv import register_converters as _register_converters

/Users/nadeeshtv/Library/Python/2.7/lib/python/site-packages/h5py/__init__.py:45: RuntimeWarning: numpy.dtype size changed, may indicate binary incompatibility. Expected 96, got 88
  from . import h5a, h5d, h5ds, h5f, h5fd, h5g, h5r, h5s, h5t, h5p, h5z

/Users/nadeeshtv/Library/Python/2.7/lib/python/site-packages/h5py/_hl/group.py:22: RuntimeWarning: numpy.dtype size changed, may indicate binary incompatibility. Expected 96, got 88
  from .. import h5g, h5i, h5o, h5r, h5t, h5l, h5p

/Users/nadeeshtv/Library/Python/2.7/lib/python/site-packages/scipy/ndimage/measurements.py:36: RuntimeWarning: numpy.dtype size changed, may indicate binary incompatibility. Expected 96, got 88
  from . import _ni_label

/Users/nadeeshtv/Library/Python/2.7/lib/python/site-packages/thinc/neural/train.py:3: RuntimeWarning: numpy.dtype size changed, may indicate binary incompatibility. Expected 96, got 88
  from .optimizers import Adam, SGD, linear_decay

/Users/nadeeshtv/Library/Python/2.7/lib/python/site-packages/thinc/neural/train.py:3: RuntimeWarning: numpy.ufunc size changed, may indicate binary incompatibility. Expected 192, got 176
  from .optimizers import Adam, SGD, linear_decay

/Users/nadeeshtv/Library/Python/2.7/lib/python/site-packages/spacy/cli/train.py:12: RuntimeWarning: numpy.dtype size changed, may indicate binary incompatibility. Expected 96, got 88
  from ..gold import GoldCorpus, minibatch

/Users/nadeeshtv/Library/Python/2.7/lib/python/site-packages/spacy/cli/train.py:12: RuntimeWarning: numpy.ufunc size changed, may indicate binary incompatibility. Expected 192, got 176
  from ..gold import GoldCorpus, minibatch

/Users/nadeeshtv/Library/Python/2.7/lib/python/site-packages/spacy/tokens/__init__.py:1: RuntimeWarning: numpy.dtype size changed, may indicate binary incompatibility. Expected 96, got 88
  from .doc import Doc

/Users/nadeeshtv/Library/Python/2.7/lib/python/site-packages/spacy/tokens/__init__.py:1: RuntimeWarning: numpy.ufunc size changed, may indicate binary incompatibility. Expected 192, got 176
  from .doc import Doc

/Users/nadeeshtv/Library/Python/2.7/lib/python/site-packages/spacy/_ml.py:14: RuntimeWarning: numpy.dtype size changed, may indicate binary incompatibility. Expected 96, got 88
  from thinc.linear.linear import LinearModel

/Users/nadeeshtv/Library/Python/2.7/lib/python/site-packages/spacy/_ml.py:14: RuntimeWarning: numpy.ufunc size changed, may indicate binary incompatibility. Expected 192, got 176
  from thinc.linear.linear import LinearModel

/Users/nadeeshtv/Library/Python/2.7/lib/python/site-packages/sklearn/feature_extraction/hashing.py:10: RuntimeWarning: numpy.dtype size changed, may indicate binary incompatibility. Expected 96, got 88
  from . import _hashing

/Users/nadeeshtv/Library/Python/2.7/lib/python/site-packages/pykwalify/core.py:99: UnsafeLoaderWarning: 
The default 'Loader' for 'load(stream)' without further arguments can be unsafe.
Use 'load(stream, Loader=ruamel.yaml.Loader)' explicitly if that is OK.
Alternatively include the following in your code:

  import warnings
  warnings.simplefilter('ignore', ruamel.yaml.error.UnsafeLoaderWarning)

In most other cases you should consider using 'safe_load(stream)'
  data = yaml.load(stream)

/Users/nadeeshtv/Library/Python/2.7/lib/python/site-packages/h5py/__init__.py:36: RuntimeWarning: numpy.dtype size changed, may indicate binary incompatibility. Expected 96, got 88
  from ._conv import register_converters as _register_converters

/Users/nadeeshtv/Library/Python/2.7/lib/python/site-packages/h5py/__init__.py:45: RuntimeWarning: numpy.dtype size changed, may indicate binary incompatibility. Expected 96, got 88
  from . import h5a, h5d, h5ds, h5f, h5fd, h5g, h5r, h5s, h5t, h5p, h5z

/Users/nadeeshtv/Library/Python/2.7/lib/python/site-packages/h5py/_hl/group.py:22: RuntimeWarning: numpy.dtype size changed, may indicate binary incompatibility. Expected 96, got 88
  from .. import h5g, h5i, h5o, h5r, h5t, h5l, h5p

/Users/nadeeshtv/Library/Python/2.7/lib/python/site-packages/scipy/ndimage/measurements.py:36: RuntimeWarning: numpy.dtype size changed, may indicate binary incompatibility. Expected 96, got 88
  from . import _ni_label

/Users/nadeeshtv/Library/Python/2.7/lib/python/site-packages/thinc/neural/train.py:3: RuntimeWarning: numpy.dtype size changed, may indicate binary incompatibility. Expected 96, got 88
  from .optimizers import Adam, SGD, linear_decay

/Users/nadeeshtv/Library/Python/2.7/lib/python/site-packages/thinc/neural/train.py:3: RuntimeWarning: numpy.ufunc size changed, may indicate binary incompatibility. Expected 192, got 176
  from .optimizers import Adam, SGD, linear_decay

/Users/nadeeshtv/Library/Python/2.7/lib/python/site-packages/spacy/cli/train.py:12: RuntimeWarning: numpy.dtype size changed, may indicate binary incompatibility. Expected 96, got 88
  from ..gold import GoldCorpus, minibatch

/Users/nadeeshtv/Library/Python/2.7/lib/python/site-packages/spacy/cli/train.py:12: RuntimeWarning: numpy.ufunc size changed, may indicate binary incompatibility. Expected 192, got 176
  from ..gold import GoldCorpus, minibatch

/Users/nadeeshtv/Library/Python/2.7/lib/python/site-packages/spacy/tokens/__init__.py:1: RuntimeWarning: numpy.dtype size changed, may indicate binary incompatibility. Expected 96, got 88
  from .doc import Doc

/Users/nadeeshtv/Library/Python/2.7/lib/python/site-packages/spacy/tokens/__init__.py:1: RuntimeWarning: numpy.ufunc size changed, may indicate binary incompatibility. Expected 192, got 176
  from .doc import Doc

/Users/nadeeshtv/Library/Python/2.7/lib/python/site-packages/spacy/_ml.py:14: RuntimeWarning: numpy.dtype size changed, may indicate binary incompatibility. Expected 96, got 88
  from thinc.linear.linear import LinearModel

/Users/nadeeshtv/Library/Python/2.7/lib/python/site-packages/spacy/_ml.py:14: RuntimeWarning: numpy.ufunc size changed, may indicate binary incompatibility. Expected 192, got 176
  from thinc.linear.linear import LinearModel

/Users/nadeeshtv/Library/Python/2.7/lib/python/site-packages/sklearn/feature_extraction/hashing.py:10: RuntimeWarning: numpy.dtype size changed, may indicate binary incompatibility. Expected 96, got 88
  from . import _hashing

/Users/nadeeshtv/Library/Python/2.7/lib/python/site-packages/pykwalify/core.py:99: UnsafeLoaderWarning: 
The default 'Loader' for 'load(stream)' without further arguments can be unsafe.
Use 'load(stream, Loader=ruamel.yaml.Loader)' explicitly if that is OK.
Alternatively include the following in your code:

  import warnings
  warnings.simplefilter('ignore', ruamel.yaml.error.UnsafeLoaderWarning)

In most other cases you should consider using 'safe_load(stream)'
  data = yaml.load(stream)

/Users/nadeeshtv/Library/Python/2.7/lib/python/site-packages/h5py/__init__.py:36: RuntimeWarning: numpy.dtype size changed, may indicate binary incompatibility. Expected 96, got 88
  from ._conv import register_converters as _register_converters

/Users/nadeeshtv/Library/Python/2.7/lib/python/site-packages/h5py/__init__.py:45: RuntimeWarning: numpy.dtype size changed, may indicate binary incompatibility. Expected 96, got 88
  from . import h5a, h5d, h5ds, h5f, h5fd, h5g, h5r, h5s, h5t, h5p, h5z

/Users/nadeeshtv/Library/Python/2.7/lib/python/site-packages/h5py/_hl/group.py:22: RuntimeWarning: numpy.dtype size changed, may indicate binary incompatibility. Expected 96, got 88
  from .. import h5g, h5i, h5o, h5r, h5t, h5l, h5p

/Users/nadeeshtv/Library/Python/2.7/lib/python/site-packages/scipy/ndimage/measurements.py:36: RuntimeWarning: numpy.dtype size changed, may indicate binary incompatibility. Expected 96, got 88
  from . import _ni_label

/Users/nadeeshtv/Library/Python/2.7/lib/python/site-packages/thinc/neural/train.py:3: RuntimeWarning: numpy.dtype size changed, may indicate binary incompatibility. Expected 96, got 88
  from .optimizers import Adam, SGD, linear_decay

/Users/nadeeshtv/Library/Python/2.7/lib/python/site-packages/thinc/neural/train.py:3: RuntimeWarning: numpy.ufunc size changed, may indicate binary incompatibility. Expected 192, got 176
  from .optimizers import Adam, SGD, linear_decay

/Users/nadeeshtv/Library/Python/2.7/lib/python/site-packages/spacy/cli/train.py:12: RuntimeWarning: numpy.dtype size changed, may indicate binary incompatibility. Expected 96, got 88
  from ..gold import GoldCorpus, minibatch

/Users/nadeeshtv/Library/Python/2.7/lib/python/site-packages/spacy/cli/train.py:12: RuntimeWarning: numpy.ufunc size changed, may indicate binary incompatibility. Expected 192, got 176
  from ..gold import GoldCorpus, minibatch

/Users/nadeeshtv/Library/Python/2.7/lib/python/site-packages/spacy/tokens/__init__.py:1: RuntimeWarning: numpy.dtype size changed, may indicate binary incompatibility. Expected 96, got 88
  from .doc import Doc

/Users/nadeeshtv/Library/Python/2.7/lib/python/site-packages/spacy/tokens/__init__.py:1: RuntimeWarning: numpy.ufunc size changed, may indicate binary incompatibility. Expected 192, got 176
  from .doc import Doc

/Users/nadeeshtv/Library/Python/2.7/lib/python/site-packages/spacy/_ml.py:14: RuntimeWarning: numpy.dtype size changed, may indicate binary incompatibility. Expected 96, got 88
  from thinc.linear.linear import LinearModel

/Users/nadeeshtv/Library/Python/2.7/lib/python/site-packages/spacy/_ml.py:14: RuntimeWarning: numpy.ufunc size changed, may indicate binary incompatibility. Expected 192, got 176
  from thinc.linear.linear import LinearModel

/Users/nadeeshtv/Library/Python/2.7/lib/python/site-packages/sklearn/feature_extraction/hashing.py:10: RuntimeWarning: numpy.dtype size changed, may indicate binary incompatibility. Expected 96, got 88
  from . import _hashing

/Users/nadeeshtv/Library/Python/2.7/lib/python/site-packages/pykwalify/core.py:99: UnsafeLoaderWarning: 
The default 'Loader' for 'load(stream)' without further arguments can be unsafe.
Use 'load(stream, Loader=ruamel.yaml.Loader)' explicitly if that is OK.
Alternatively include the following in your code:

  import warnings
  warnings.simplefilter('ignore', ruamel.yaml.error.UnsafeLoaderWarning)

In most other cases you should consider using 'safe_load(stream)'
  data = yaml.load(stream)

/Users/nadeeshtv/Library/Python/2.7/lib/python/site-packages/h5py/__init__.py:36: RuntimeWarning: numpy.dtype size changed, may indicate binary incompatibility. Expected 96, got 88
  from ._conv import register_converters as _register_converters

/Users/nadeeshtv/Library/Python/2.7/lib/python/site-packages/h5py/__init__.py:45: RuntimeWarning: numpy.dtype size changed, may indicate binary incompatibility. Expected 96, got 88
  from . import h5a, h5d, h5ds, h5f, h5fd, h5g, h5r, h5s, h5t, h5p, h5z

/Users/nadeeshtv/Library/Python/2.7/lib/python/site-packages/h5py/_hl/group.py:22: RuntimeWarning: numpy.dtype size changed, may indicate binary incompatibility. Expected 96, got 88
  from .. import h5g, h5i, h5o, h5r, h5t, h5l, h5p

/Users/nadeeshtv/Library/Python/2.7/lib/python/site-packages/scipy/ndimage/measurements.py:36: RuntimeWarning: numpy.dtype size changed, may indicate binary incompatibility. Expected 96, got 88
  from . import _ni_label

/Users/nadeeshtv/Library/Python/2.7/lib/python/site-packages/thinc/neural/train.py:3: RuntimeWarning: numpy.dtype size changed, may indicate binary incompatibility. Expected 96, got 88
  from .optimizers import Adam, SGD, linear_decay

/Users/nadeeshtv/Library/Python/2.7/lib/python/site-packages/thinc/neural/train.py:3: RuntimeWarning: numpy.ufunc size changed, may indicate binary incompatibility. Expected 192, got 176
  from .optimizers import Adam, SGD, linear_decay

/Users/nadeeshtv/Library/Python/2.7/lib/python/site-packages/spacy/cli/train.py:12: RuntimeWarning: numpy.dtype size changed, may indicate binary incompatibility. Expected 96, got 88
  from ..gold import GoldCorpus, minibatch

/Users/nadeeshtv/Library/Python/2.7/lib/python/site-packages/spacy/cli/train.py:12: RuntimeWarning: numpy.ufunc size changed, may indicate binary incompatibility. Expected 192, got 176
  from ..gold import GoldCorpus, minibatch

/Users/nadeeshtv/Library/Python/2.7/lib/python/site-packages/spacy/tokens/__init__.py:1: RuntimeWarning: numpy.dtype size changed, may indicate binary incompatibility. Expected 96, got 88
  from .doc import Doc

/Users/nadeeshtv/Library/Python/2.7/lib/python/site-packages/spacy/tokens/__init__.py:1: RuntimeWarning: numpy.ufunc size changed, may indicate binary incompatibility. Expected 192, got 176
  from .doc import Doc

/Users/nadeeshtv/Library/Python/2.7/lib/python/site-packages/spacy/_ml.py:14: RuntimeWarning: numpy.dtype size changed, may indicate binary incompatibility. Expected 96, got 88
  from thinc.linear.linear import LinearModel

/Users/nadeeshtv/Library/Python/2.7/lib/python/site-packages/spacy/_ml.py:14: RuntimeWarning: numpy.ufunc size changed, may indicate binary incompatibility. Expected 192, got 176
  from thinc.linear.linear import LinearModel

/Users/nadeeshtv/Library/Python/2.7/lib/python/site-packages/sklearn/feature_extraction/hashing.py:10: RuntimeWarning: numpy.dtype size changed, may indicate binary incompatibility. Expected 96, got 88
  from . import _hashing

/Users/nadeeshtv/Library/Python/2.7/lib/python/site-packages/pykwalify/core.py:99: UnsafeLoaderWarning: 
The default 'Loader' for 'load(stream)' without further arguments can be unsafe.
Use 'load(stream, Loader=ruamel.yaml.Loader)' explicitly if that is OK.
Alternatively include the following in your code:

  import warnings
  warnings.simplefilter('ignore', ruamel.yaml.error.UnsafeLoaderWarning)

In most other cases you should consider using 'safe_load(stream)'
  data = yaml.load(stream)

/Users/nadeeshtv/Library/Python/2.7/lib/python/site-packages/h5py/__init__.py:36: RuntimeWarning: numpy.dtype size changed, may indicate binary incompatibility. Expected 96, got 88
  from ._conv import register_converters as _register_converters

/Users/nadeeshtv/Library/Python/2.7/lib/python/site-packages/h5py/__init__.py:45: RuntimeWarning: numpy.dtype size changed, may indicate binary incompatibility. Expected 96, got 88
  from . import h5a, h5d, h5ds, h5f, h5fd, h5g, h5r, h5s, h5t, h5p, h5z

/Users/nadeeshtv/Library/Python/2.7/lib/python/site-packages/h5py/_hl/group.py:22: RuntimeWarning: numpy.dtype size changed, may indicate binary incompatibility. Expected 96, got 88
  from .. import h5g, h5i, h5o, h5r, h5t, h5l, h5p

/Users/nadeeshtv/Library/Python/2.7/lib/python/site-packages/scipy/ndimage/measurements.py:36: RuntimeWarning: numpy.dtype size changed, may indicate binary incompatibility. Expected 96, got 88
  from . import _ni_label

/Users/nadeeshtv/Library/Python/2.7/lib/python/site-packages/thinc/neural/train.py:3: RuntimeWarning: numpy.dtype size changed, may indicate binary incompatibility. Expected 96, got 88
  from .optimizers import Adam, SGD, linear_decay

/Users/nadeeshtv/Library/Python/2.7/lib/python/site-packages/thinc/neural/train.py:3: RuntimeWarning: numpy.ufunc size changed, may indicate binary incompatibility. Expected 192, got 176
  from .optimizers import Adam, SGD, linear_decay

/Users/nadeeshtv/Library/Python/2.7/lib/python/site-packages/spacy/cli/train.py:12: RuntimeWarning: numpy.dtype size changed, may indicate binary incompatibility. Expected 96, got 88
  from ..gold import GoldCorpus, minibatch

/Users/nadeeshtv/Library/Python/2.7/lib/python/site-packages/spacy/cli/train.py:12: RuntimeWarning: numpy.ufunc size changed, may indicate binary incompatibility. Expected 192, got 176
  from ..gold import GoldCorpus, minibatch

/Users/nadeeshtv/Library/Python/2.7/lib/python/site-packages/spacy/tokens/__init__.py:1: RuntimeWarning: numpy.dtype size changed, may indicate binary incompatibility. Expected 96, got 88
  from .doc import Doc

/Users/nadeeshtv/Library/Python/2.7/lib/python/site-packages/spacy/tokens/__init__.py:1: RuntimeWarning: numpy.ufunc size changed, may indicate binary incompatibility. Expected 192, got 176
  from .doc import Doc

/Users/nadeeshtv/Library/Python/2.7/lib/python/site-packages/spacy/_ml.py:14: RuntimeWarning: numpy.dtype size changed, may indicate binary incompatibility. Expected 96, got 88
  from thinc.linear.linear import LinearModel

/Users/nadeeshtv/Library/Python/2.7/lib/python/site-packages/spacy/_ml.py:14: RuntimeWarning: numpy.ufunc size changed, may indicate binary incompatibility. Expected 192, got 176
  from thinc.linear.linear import LinearModel

/Users/nadeeshtv/Library/Python/2.7/lib/python/site-packages/sklearn/feature_extraction/hashing.py:10: RuntimeWarning: numpy.dtype size changed, may indicate binary incompatibility. Expected 96, got 88
  from . import _hashing

/Users/nadeeshtv/Library/Python/2.7/lib/python/site-packages/pykwalify/core.py:99: UnsafeLoaderWarning: 
The default 'Loader' for 'load(stream)' without further arguments can be unsafe.
Use 'load(stream, Loader=ruamel.yaml.Loader)' explicitly if that is OK.
Alternatively include the following in your code:

  import warnings
  warnings.simplefilter('ignore', ruamel.yaml.error.UnsafeLoaderWarning)

In most other cases you should consider using 'safe_load(stream)'
  data = yaml.load(stream)

/Users/nadeeshtv/Library/Python/2.7/lib/python/site-packages/h5py/__init__.py:36: RuntimeWarning: numpy.dtype size changed, may indicate binary incompatibility. Expected 96, got 88
  from ._conv import register_converters as _register_converters

/Users/nadeeshtv/Library/Python/2.7/lib/python/site-packages/h5py/__init__.py:45: RuntimeWarning: numpy.dtype size changed, may indicate binary incompatibility. Expected 96, got 88
  from . import h5a, h5d, h5ds, h5f, h5fd, h5g, h5r, h5s, h5t, h5p, h5z

/Users/nadeeshtv/Library/Python/2.7/lib/python/site-packages/h5py/_hl/group.py:22: RuntimeWarning: numpy.dtype size changed, may indicate binary incompatibility. Expected 96, got 88
  from .. import h5g, h5i, h5o, h5r, h5t, h5l, h5p

/Users/nadeeshtv/Library/Python/2.7/lib/python/site-packages/scipy/ndimage/measurements.py:36: RuntimeWarning: numpy.dtype size changed, may indicate binary incompatibility. Expected 96, got 88
  from . import _ni_label

/Users/nadeeshtv/Library/Python/2.7/lib/python/site-packages/thinc/neural/train.py:3: RuntimeWarning: numpy.dtype size changed, may indicate binary incompatibility. Expected 96, got 88
  from .optimizers import Adam, SGD, linear_decay

/Users/nadeeshtv/Library/Python/2.7/lib/python/site-packages/thinc/neural/train.py:3: RuntimeWarning: numpy.ufunc size changed, may indicate binary incompatibility. Expected 192, got 176
  from .optimizers import Adam, SGD, linear_decay

/Users/nadeeshtv/Library/Python/2.7/lib/python/site-packages/spacy/cli/train.py:12: RuntimeWarning: numpy.dtype size changed, may indicate binary incompatibility. Expected 96, got 88
  from ..gold import GoldCorpus, minibatch

/Users/nadeeshtv/Library/Python/2.7/lib/python/site-packages/spacy/cli/train.py:12: RuntimeWarning: numpy.ufunc size changed, may indicate binary incompatibility. Expected 192, got 176
  from ..gold import GoldCorpus, minibatch

/Users/nadeeshtv/Library/Python/2.7/lib/python/site-packages/spacy/tokens/__init__.py:1: RuntimeWarning: numpy.dtype size changed, may indicate binary incompatibility. Expected 96, got 88
  from .doc import Doc

/Users/nadeeshtv/Library/Python/2.7/lib/python/site-packages/spacy/tokens/__init__.py:1: RuntimeWarning: numpy.ufunc size changed, may indicate binary incompatibility. Expected 192, got 176
  from .doc import Doc

/Users/nadeeshtv/Library/Python/2.7/lib/python/site-packages/spacy/_ml.py:14: RuntimeWarning: numpy.dtype size changed, may indicate binary incompatibility. Expected 96, got 88
  from thinc.linear.linear import LinearModel

/Users/nadeeshtv/Library/Python/2.7/lib/python/site-packages/spacy/_ml.py:14: RuntimeWarning: numpy.ufunc size changed, may indicate binary incompatibility. Expected 192, got 176
  from thinc.linear.linear import LinearModel

/Users/nadeeshtv/Library/Python/2.7/lib/python/site-packages/sklearn/feature_extraction/hashing.py:10: RuntimeWarning: numpy.dtype size changed, may indicate binary incompatibility. Expected 96, got 88
  from . import _hashing

/Users/nadeeshtv/Library/Python/2.7/lib/python/site-packages/pykwalify/core.py:99: UnsafeLoaderWarning: 
The default 'Loader' for 'load(stream)' without further arguments can be unsafe.
Use 'load(stream, Loader=ruamel.yaml.Loader)' explicitly if that is OK.
Alternatively include the following in your code:

  import warnings
  warnings.simplefilter('ignore', ruamel.yaml.error.UnsafeLoaderWarning)

In most other cases you should consider using 'safe_load(stream)'
  data = yaml.load(stream)

/Users/nadeeshtv/Library/Python/2.7/lib/python/site-packages/h5py/__init__.py:36: RuntimeWarning: numpy.dtype size changed, may indicate binary incompatibility. Expected 96, got 88
  from ._conv import register_converters as _register_converters

/Users/nadeeshtv/Library/Python/2.7/lib/python/site-packages/h5py/__init__.py:45: RuntimeWarning: numpy.dtype size changed, may indicate binary incompatibility. Expected 96, got 88
  from . import h5a, h5d, h5ds, h5f, h5fd, h5g, h5r, h5s, h5t, h5p, h5z

/Users/nadeeshtv/Library/Python/2.7/lib/python/site-packages/h5py/_hl/group.py:22: RuntimeWarning: numpy.dtype size changed, may indicate binary incompatibility. Expected 96, got 88
  from .. import h5g, h5i, h5o, h5r, h5t, h5l, h5p

/Users/nadeeshtv/Library/Python/2.7/lib/python/site-packages/scipy/ndimage/measurements.py:36: RuntimeWarning: numpy.dtype size changed, may indicate binary incompatibility. Expected 96, got 88
  from . import _ni_label

/Users/nadeeshtv/Library/Python/2.7/lib/python/site-packages/thinc/neural/train.py:3: RuntimeWarning: numpy.dtype size changed, may indicate binary incompatibility. Expected 96, got 88
  from .optimizers import Adam, SGD, linear_decay

/Users/nadeeshtv/Library/Python/2.7/lib/python/site-packages/thinc/neural/train.py:3: RuntimeWarning: numpy.ufunc size changed, may indicate binary incompatibility. Expected 192, got 176
  from .optimizers import Adam, SGD, linear_decay

/Users/nadeeshtv/Library/Python/2.7/lib/python/site-packages/spacy/cli/train.py:12: RuntimeWarning: numpy.dtype size changed, may indicate binary incompatibility. Expected 96, got 88
  from ..gold import GoldCorpus, minibatch

/Users/nadeeshtv/Library/Python/2.7/lib/python/site-packages/spacy/cli/train.py:12: RuntimeWarning: numpy.ufunc size changed, may indicate binary incompatibility. Expected 192, got 176
  from ..gold import GoldCorpus, minibatch

/Users/nadeeshtv/Library/Python/2.7/lib/python/site-packages/spacy/tokens/__init__.py:1: RuntimeWarning: numpy.dtype size changed, may indicate binary incompatibility. Expected 96, got 88
  from .doc import Doc

/Users/nadeeshtv/Library/Python/2.7/lib/python/site-packages/spacy/tokens/__init__.py:1: RuntimeWarning: numpy.ufunc size changed, may indicate binary incompatibility. Expected 192, got 176
  from .doc import Doc

/Users/nadeeshtv/Library/Python/2.7/lib/python/site-packages/spacy/_ml.py:14: RuntimeWarning: numpy.dtype size changed, may indicate binary incompatibility. Expected 96, got 88
  from thinc.linear.linear import LinearModel

/Users/nadeeshtv/Library/Python/2.7/lib/python/site-packages/spacy/_ml.py:14: RuntimeWarning: numpy.ufunc size changed, may indicate binary incompatibility. Expected 192, got 176
  from thinc.linear.linear import LinearModel

/Users/nadeeshtv/Library/Python/2.7/lib/python/site-packages/sklearn/feature_extraction/hashing.py:10: RuntimeWarning: numpy.dtype size changed, may indicate binary incompatibility. Expected 96, got 88
  from . import _hashing

/Users/nadeeshtv/Library/Python/2.7/lib/python/site-packages/pykwalify/core.py:99: UnsafeLoaderWarning: 
The default 'Loader' for 'load(stream)' without further arguments can be unsafe.
Use 'load(stream, Loader=ruamel.yaml.Loader)' explicitly if that is OK.
Alternatively include the following in your code:

  import warnings
  warnings.simplefilter('ignore', ruamel.yaml.error.UnsafeLoaderWarning)

In most other cases you should consider using 'safe_load(stream)'
  data = yaml.load(stream)

/Users/nadeeshtv/Library/Python/2.7/lib/python/site-packages/h5py/__init__.py:36: RuntimeWarning: numpy.dtype size changed, may indicate binary incompatibility. Expected 96, got 88
  from ._conv import register_converters as _register_converters

/Users/nadeeshtv/Library/Python/2.7/lib/python/site-packages/h5py/__init__.py:45: RuntimeWarning: numpy.dtype size changed, may indicate binary incompatibility. Expected 96, got 88
  from . import h5a, h5d, h5ds, h5f, h5fd, h5g, h5r, h5s, h5t, h5p, h5z

/Users/nadeeshtv/Library/Python/2.7/lib/python/site-packages/h5py/_hl/group.py:22: RuntimeWarning: numpy.dtype size changed, may indicate binary incompatibility. Expected 96, got 88
  from .. import h5g, h5i, h5o, h5r, h5t, h5l, h5p

/Users/nadeeshtv/Library/Python/2.7/lib/python/site-packages/scipy/ndimage/measurements.py:36: RuntimeWarning: numpy.dtype size changed, may indicate binary incompatibility. Expected 96, got 88
  from . import _ni_label

/Users/nadeeshtv/Library/Python/2.7/lib/python/site-packages/thinc/neural/train.py:3: RuntimeWarning: numpy.dtype size changed, may indicate binary incompatibility. Expected 96, got 88
  from .optimizers import Adam, SGD, linear_decay

/Users/nadeeshtv/Library/Python/2.7/lib/python/site-packages/thinc/neural/train.py:3: RuntimeWarning: numpy.ufunc size changed, may indicate binary incompatibility. Expected 192, got 176
  from .optimizers import Adam, SGD, linear_decay

/Users/nadeeshtv/Library/Python/2.7/lib/python/site-packages/spacy/cli/train.py:12: RuntimeWarning: numpy.dtype size changed, may indicate binary incompatibility. Expected 96, got 88
  from ..gold import GoldCorpus, minibatch

/Users/nadeeshtv/Library/Python/2.7/lib/python/site-packages/spacy/cli/train.py:12: RuntimeWarning: numpy.ufunc size changed, may indicate binary incompatibility. Expected 192, got 176
  from ..gold import GoldCorpus, minibatch

/Users/nadeeshtv/Library/Python/2.7/lib/python/site-packages/spacy/tokens/__init__.py:1: RuntimeWarning: numpy.dtype size changed, may indicate binary incompatibility. Expected 96, got 88
  from .doc import Doc

/Users/nadeeshtv/Library/Python/2.7/lib/python/site-packages/spacy/tokens/__init__.py:1: RuntimeWarning: numpy.ufunc size changed, may indicate binary incompatibility. Expected 192, got 176
  from .doc import Doc

/Users/nadeeshtv/Library/Python/2.7/lib/python/site-packages/spacy/_ml.py:14: RuntimeWarning: numpy.dtype size changed, may indicate binary incompatibility. Expected 96, got 88
  from thinc.linear.linear import LinearModel

/Users/nadeeshtv/Library/Python/2.7/lib/python/site-packages/spacy/_ml.py:14: RuntimeWarning: numpy.ufunc size changed, may indicate binary incompatibility. Expected 192, got 176
  from thinc.linear.linear import LinearModel

/Users/nadeeshtv/Library/Python/2.7/lib/python/site-packages/sklearn/feature_extraction/hashing.py:10: RuntimeWarning: numpy.dtype size changed, may indicate binary incompatibility. Expected 96, got 88
  from . import _hashing

/Users/nadeeshtv/Library/Python/2.7/lib/python/site-packages/pykwalify/core.py:99: UnsafeLoaderWarning: 
The default 'Loader' for 'load(stream)' without further arguments can be unsafe.
Use 'load(stream, Loader=ruamel.yaml.Loader)' explicitly if that is OK.
Alternatively include the following in your code:

  import warnings
  warnings.simplefilter('ignore', ruamel.yaml.error.UnsafeLoaderWarning)

In most other cases you should consider using 'safe_load(stream)'
  data = yaml.load(stream)

/Users/nadeeshtv/Library/Python/2.7/lib/python/site-packages/h5py/__init__.py:36: RuntimeWarning: numpy.dtype size changed, may indicate binary incompatibility. Expected 96, got 88
  from ._conv import register_converters as _register_converters

/Users/nadeeshtv/Library/Python/2.7/lib/python/site-packages/h5py/__init__.py:45: RuntimeWarning: numpy.dtype size changed, may indicate binary incompatibility. Expected 96, got 88
  from . import h5a, h5d, h5ds, h5f, h5fd, h5g, h5r, h5s, h5t, h5p, h5z

/Users/nadeeshtv/Library/Python/2.7/lib/python/site-packages/h5py/_hl/group.py:22: RuntimeWarning: numpy.dtype size changed, may indicate binary incompatibility. Expected 96, got 88
  from .. import h5g, h5i, h5o, h5r, h5t, h5l, h5p

/Users/nadeeshtv/Library/Python/2.7/lib/python/site-packages/scipy/ndimage/measurements.py:36: RuntimeWarning: numpy.dtype size changed, may indicate binary incompatibility. Expected 96, got 88
  from . import _ni_label

/Users/nadeeshtv/Library/Python/2.7/lib/python/site-packages/thinc/neural/train.py:3: RuntimeWarning: numpy.dtype size changed, may indicate binary incompatibility. Expected 96, got 88
  from .optimizers import Adam, SGD, linear_decay

/Users/nadeeshtv/Library/Python/2.7/lib/python/site-packages/thinc/neural/train.py:3: RuntimeWarning: numpy.ufunc size changed, may indicate binary incompatibility. Expected 192, got 176
  from .optimizers import Adam, SGD, linear_decay

/Users/nadeeshtv/Library/Python/2.7/lib/python/site-packages/spacy/cli/train.py:12: RuntimeWarning: numpy.dtype size changed, may indicate binary incompatibility. Expected 96, got 88
  from ..gold import GoldCorpus, minibatch

/Users/nadeeshtv/Library/Python/2.7/lib/python/site-packages/spacy/cli/train.py:12: RuntimeWarning: numpy.ufunc size changed, may indicate binary incompatibility. Expected 192, got 176
  from ..gold import GoldCorpus, minibatch

/Users/nadeeshtv/Library/Python/2.7/lib/python/site-packages/spacy/tokens/__init__.py:1: RuntimeWarning: numpy.dtype size changed, may indicate binary incompatibility. Expected 96, got 88
  from .doc import Doc

/Users/nadeeshtv/Library/Python/2.7/lib/python/site-packages/spacy/tokens/__init__.py:1: RuntimeWarning: numpy.ufunc size changed, may indicate binary incompatibility. Expected 192, got 176
  from .doc import Doc

/Users/nadeeshtv/Library/Python/2.7/lib/python/site-packages/spacy/_ml.py:14: RuntimeWarning: numpy.dtype size changed, may indicate binary incompatibility. Expected 96, got 88
  from thinc.linear.linear import LinearModel

/Users/nadeeshtv/Library/Python/2.7/lib/python/site-packages/spacy/_ml.py:14: RuntimeWarning: numpy.ufunc size changed, may indicate binary incompatibility. Expected 192, got 176
  from thinc.linear.linear import LinearModel

/Users/nadeeshtv/Library/Python/2.7/lib/python/site-packages/sklearn/feature_extraction/hashing.py:10: RuntimeWarning: numpy.dtype size changed, may indicate binary incompatibility. Expected 96, got 88
  from . import _hashing

/Users/nadeeshtv/Library/Python/2.7/lib/python/site-packages/pykwalify/core.py:99: UnsafeLoaderWarning: 
The default 'Loader' for 'load(stream)' without further arguments can be unsafe.
Use 'load(stream, Loader=ruamel.yaml.Loader)' explicitly if that is OK.
Alternatively include the following in your code:

  import warnings
  warnings.simplefilter('ignore', ruamel.yaml.error.UnsafeLoaderWarning)

In most other cases you should consider using 'safe_load(stream)'
  data = yaml.load(stream)

/Users/nadeeshtv/Library/Python/2.7/lib/python/site-packages/h5py/__init__.py:36: RuntimeWarning: numpy.dtype size changed, may indicate binary incompatibility. Expected 96, got 88
  from ._conv import register_converters as _register_converters

/Users/nadeeshtv/Library/Python/2.7/lib/python/site-packages/h5py/__init__.py:45: RuntimeWarning: numpy.dtype size changed, may indicate binary incompatibility. Expected 96, got 88
  from . import h5a, h5d, h5ds, h5f, h5fd, h5g, h5r, h5s, h5t, h5p, h5z

/Users/nadeeshtv/Library/Python/2.7/lib/python/site-packages/h5py/_hl/group.py:22: RuntimeWarning: numpy.dtype size changed, may indicate binary incompatibility. Expected 96, got 88
  from .. import h5g, h5i, h5o, h5r, h5t, h5l, h5p

/Users/nadeeshtv/Library/Python/2.7/lib/python/site-packages/scipy/ndimage/measurements.py:36: RuntimeWarning: numpy.dtype size changed, may indicate binary incompatibility. Expected 96, got 88
  from . import _ni_label

/Users/nadeeshtv/Library/Python/2.7/lib/python/site-packages/thinc/neural/train.py:3: RuntimeWarning: numpy.dtype size changed, may indicate binary incompatibility. Expected 96, got 88
  from .optimizers import Adam, SGD, linear_decay

/Users/nadeeshtv/Library/Python/2.7/lib/python/site-packages/thinc/neural/train.py:3: RuntimeWarning: numpy.ufunc size changed, may indicate binary incompatibility. Expected 192, got 176
  from .optimizers import Adam, SGD, linear_decay

/Users/nadeeshtv/Library/Python/2.7/lib/python/site-packages/spacy/cli/train.py:12: RuntimeWarning: numpy.dtype size changed, may indicate binary incompatibility. Expected 96, got 88
  from ..gold import GoldCorpus, minibatch

/Users/nadeeshtv/Library/Python/2.7/lib/python/site-packages/spacy/cli/train.py:12: RuntimeWarning: numpy.ufunc size changed, may indicate binary incompatibility. Expected 192, got 176
  from ..gold import GoldCorpus, minibatch

/Users/nadeeshtv/Library/Python/2.7/lib/python/site-packages/spacy/tokens/__init__.py:1: RuntimeWarning: numpy.dtype size changed, may indicate binary incompatibility. Expected 96, got 88
  from .doc import Doc

/Users/nadeeshtv/Library/Python/2.7/lib/python/site-packages/spacy/tokens/__init__.py:1: RuntimeWarning: numpy.ufunc size changed, may indicate binary incompatibility. Expected 192, got 176
  from .doc import Doc

/Users/nadeeshtv/Library/Python/2.7/lib/python/site-packages/spacy/_ml.py:14: RuntimeWarning: numpy.dtype size changed, may indicate binary incompatibility. Expected 96, got 88
  from thinc.linear.linear import LinearModel

/Users/nadeeshtv/Library/Python/2.7/lib/python/site-packages/spacy/_ml.py:14: RuntimeWarning: numpy.ufunc size changed, may indicate binary incompatibility. Expected 192, got 176
  from thinc.linear.linear import LinearModel

/Users/nadeeshtv/Library/Python/2.7/lib/python/site-packages/sklearn/feature_extraction/hashing.py:10: RuntimeWarning: numpy.dtype size changed, may indicate binary incompatibility. Expected 96, got 88
  from . import _hashing

/Users/nadeeshtv/Library/Python/2.7/lib/python/site-packages/pykwalify/core.py:99: UnsafeLoaderWarning: 
The default 'Loader' for 'load(stream)' without further arguments can be unsafe.
Use 'load(stream, Loader=ruamel.yaml.Loader)' explicitly if that is OK.
Alternatively include the following in your code:

  import warnings
  warnings.simplefilter('ignore', ruamel.yaml.error.UnsafeLoaderWarning)

In most other cases you should consider using 'safe_load(stream)'
  data = yaml.load(stream)

/Users/nadeeshtv/Library/Python/2.7/lib/python/site-packages/h5py/__init__.py:36: RuntimeWarning: numpy.dtype size changed, may indicate binary incompatibility. Expected 96, got 88
  from ._conv import register_converters as _register_converters

/Users/nadeeshtv/Library/Python/2.7/lib/python/site-packages/h5py/__init__.py:45: RuntimeWarning: numpy.dtype size changed, may indicate binary incompatibility. Expected 96, got 88
  from . import h5a, h5d, h5ds, h5f, h5fd, h5g, h5r, h5s, h5t, h5p, h5z

/Users/nadeeshtv/Library/Python/2.7/lib/python/site-packages/h5py/_hl/group.py:22: RuntimeWarning: numpy.dtype size changed, may indicate binary incompatibility. Expected 96, got 88
  from .. import h5g, h5i, h5o, h5r, h5t, h5l, h5p

/Users/nadeeshtv/Library/Python/2.7/lib/python/site-packages/scipy/ndimage/measurements.py:36: RuntimeWarning: numpy.dtype size changed, may indicate binary incompatibility. Expected 96, got 88
  from . import _ni_label

/Users/nadeeshtv/Library/Python/2.7/lib/python/site-packages/thinc/neural/train.py:3: RuntimeWarning: numpy.dtype size changed, may indicate binary incompatibility. Expected 96, got 88
  from .optimizers import Adam, SGD, linear_decay

/Users/nadeeshtv/Library/Python/2.7/lib/python/site-packages/thinc/neural/train.py:3: RuntimeWarning: numpy.ufunc size changed, may indicate binary incompatibility. Expected 192, got 176
  from .optimizers import Adam, SGD, linear_decay

/Users/nadeeshtv/Library/Python/2.7/lib/python/site-packages/spacy/cli/train.py:12: RuntimeWarning: numpy.dtype size changed, may indicate binary incompatibility. Expected 96, got 88
  from ..gold import GoldCorpus, minibatch

/Users/nadeeshtv/Library/Python/2.7/lib/python/site-packages/spacy/cli/train.py:12: RuntimeWarning: numpy.ufunc size changed, may indicate binary incompatibility. Expected 192, got 176
  from ..gold import GoldCorpus, minibatch

/Users/nadeeshtv/Library/Python/2.7/lib/python/site-packages/spacy/tokens/__init__.py:1: RuntimeWarning: numpy.dtype size changed, may indicate binary incompatibility. Expected 96, got 88
  from .doc import Doc

/Users/nadeeshtv/Library/Python/2.7/lib/python/site-packages/spacy/tokens/__init__.py:1: RuntimeWarning: numpy.ufunc size changed, may indicate binary incompatibility. Expected 192, got 176
  from .doc import Doc

/Users/nadeeshtv/Library/Python/2.7/lib/python/site-packages/spacy/_ml.py:14: RuntimeWarning: numpy.dtype size changed, may indicate binary incompatibility. Expected 96, got 88
  from thinc.linear.linear import LinearModel

/Users/nadeeshtv/Library/Python/2.7/lib/python/site-packages/spacy/_ml.py:14: RuntimeWarning: numpy.ufunc size changed, may indicate binary incompatibility. Expected 192, got 176
  from thinc.linear.linear import LinearModel

/Users/nadeeshtv/Library/Python/2.7/lib/python/site-packages/sklearn/feature_extraction/hashing.py:10: RuntimeWarning: numpy.dtype size changed, may indicate binary incompatibility. Expected 96, got 88
  from . import _hashing

/Users/nadeeshtv/Library/Python/2.7/lib/python/site-packages/pykwalify/core.py:99: UnsafeLoaderWarning: 
The default 'Loader' for 'load(stream)' without further arguments can be unsafe.
Use 'load(stream, Loader=ruamel.yaml.Loader)' explicitly if that is OK.
Alternatively include the following in your code:

  import warnings
  warnings.simplefilter('ignore', ruamel.yaml.error.UnsafeLoaderWarning)

In most other cases you should consider using 'safe_load(stream)'
  data = yaml.load(stream)

